#Line list modified from XIDL's Lyman Limit system linelist (lls.lst).
#http://www.ucolick.org/~xavier/IDL/
#Wavelength(A)  Ion WL  f-value reference (see XIDL for codes)
629.730 OV 629 0.515 0
832.927 OIII 832 0.107 6
834.4655 OII 834 0.1320 6
858.0918 CII 858 0.0130 6
911.7633 HI LLS 0.0000 1
1025.7223 HI 1025 0.079120 1
1031.9261 OVI 1031 0.13290 1
1036.3367 CII 1036 0.1231 1
1037.6167 OVI 1037 0.06609 1
1083.990 NII 1083 0.1031 1
1144.9379 FeII 1144 0.1060 2
1190.4158 SiII 1190 0.25020 1
1193.2897 SiII 1193 0.49910 1
1206.500 SiIII 1206 1.660 1
1215.6701 HI 1215 0.41640 1
1238.821 NV 1238 0.1570 1
1242.804 NV 1242 0.078230 1
1260.4221 SiII 1260 1.0070 1
1264.7377 SiII 1264 0.9034 1
1302.1685 OI 1302 0.04887 1
1334.5323 CII 1334 0.1278 1
1393.755 SiIV 1393 0.5280 1
1402.770 SiIV 1402 0.2620 1
1548.195 CIV 1548 0.19080 1
1550.770 CIV 1550 0.095220 1
1608.4511 FeII 1608 0.0580 17
2796.352 MgII 2796 0.6123 15
2803.531 MgII 2803 0.3054 15
